[sites.google.com/view/rtset/home.html]
[sites.google.com/view/rtset/aboute486.html]
[sites.google.com/view/rtset/about/bugse486.html]
[sites.google.com/view/rtset/about/recommended-specse486.html]
[sites.google.com/view/rtset/about/contacte486.html]
[sites.google.com/view/rtset/gallerye486.html]
[sites.google.com/view/rtset/gallery/day-timee486.html]
[sites.google.com/view/rtset/gallery/night-timee486.html]
[sites.google.com/view/rtset/changeloge486.html]
[sites.google.com/view/rtset/changelog/planned-changese486.html]
[sites.google.com/view/rtset/contributorse486.html]
[sites.google.com/view/rtset/faqe486.html]
[sites.google.com/view/rtset/downloade486.html]
[sites.google.com/view/rtset/download/extra-shaderse486.html]
[sites.google.com/view/rtset/secret.html]
[sites.google.com/view/rtset/about/privacy-policye486.html]
[backblue.gif]
[fade.gif]
[index.html]
[ssl.gstatic.com/atari/images/simple-header-blended-small.png]
[apis.google.com/js/clientc932.js]
[sites.google.com/view/rtset/about.html]
[sites.google.com/view/rtset/about/bugs.html]
[sites.google.com/view/rtset/about/recommended-specs.html]
[sites.google.com/view/rtset/about/thanks.html]
[sites.google.com/view/rtset/about/contact.html]
[sites.google.com/view/rtset/gallery.html]
[sites.google.com/view/rtset/gallery/day-time.html]
[sites.google.com/view/rtset/gallery/night-time.html]
[sites.google.com/view/rtset/changelog.html]
[sites.google.com/view/rtset/changelog/planned-changes.html]
[sites.google.com/view/rtset/contributors.html]
[sites.google.com/view/rtset/faq.html]
[sites.google.com/view/rtset/download.html]
[sites.google.com/view/rtset/home.html]
[sites.google.com/view/rtset/about/privacy-policy.html]
[sites.google.com/view/rtset/aboute486.html]
[sites.google.com/view/rtset/aboutfd93.html]
[sites.google.com/view/rtset/about/bugse486.html]
[sites.google.com/view/rtset/about/bugsfd93.html]
[sites.google.com/view/rtset/about/recommended-specse486.html]
[sites.google.com/view/rtset/about/recommended-specsfd93.html]
[sites.google.com/view/rtset/about/contacte486.html]
[sites.google.com/view/rtset/about/contactfd93.html]
[sites.google.com/view/rtset/gallerye486.html]
[sites.google.com/view/rtset/galleryfd93.html]
[sites.google.com/view/rtset/gallery/day-timee486.html]
[sites.google.com/view/rtset/gallery/day-timefd93.html]
[sites.google.com/view/rtset/gallery/night-timee486.html]
[sites.google.com/view/rtset/gallery/night-timefd93.html]
[sites.google.com/view/rtset/changeloge486.html]
[sites.google.com/view/rtset/changelogfd93.html]
[sites.google.com/view/rtset/changelog/planned-changese486.html]
[sites.google.com/view/rtset/changelog/planned-changesfd93.html]
[sites.google.com/view/rtset/contributorse486.html]
[sites.google.com/view/rtset/contributorsfd93.html]
[sites.google.com/view/rtset/faqe486.html]
[sites.google.com/view/rtset/faqfd93.html]
[sites.google.com/view/rtset/downloadfd93.html]
[sites.google.com/view/rtset/downloade486.html]
[sites.google.com/view/rtset/download/extra-shaders.html]
[sites.google.com/view/rtset/download/extra-shaderse486.html]
[sites.google.com/view/rtset/download/extra-shadersfd93.html]
[sites.google.com/view/rtset/_https_/www.gstatic.com/charts/loader.js___/script_.2e.delayed]
[sites.google.com/view/rtset/new.2f.delayed]
[sites.google.com/view/rtset/secret.html]
[sites.google.com/view/rtset/about/privacy-policye486.html]
[sites.google.com/view/rtset/about.html]
[sites.google.com/view/rtset/about/bugs.html]
[sites.google.com/view/rtset/about/recommended-specs.html]
[sites.google.com/view/rtset/about/thanks.html]
[sites.google.com/view/rtset/about/contact.html]
[sites.google.com/view/rtset/gallery.html]
[sites.google.com/view/rtset/gallery/day-time.html]
[sites.google.com/view/rtset/gallery/night-time.html]
[sites.google.com/view/rtset/changelog.html]
[sites.google.com/view/rtset/changelog/planned-changes.html]
[sites.google.com/view/rtset/contributors.html]
[sites.google.com/view/rtset/faq.html]
[sites.google.com/view/rtset/download.html]
[sites.google.com/view/rtset/about/privacy-policy.html]
[sites.google.com/view/rtset/aboutfd93.html]
[sites.google.com/view/rtset/about/bugsfd93.html]
[sites.google.com/view/rtset/about/recommended-specsfd93.html]
[sites.google.com/view/rtset/about/contactfd93.html]
[sites.google.com/view/rtset/galleryfd93.html]
[sites.google.com/view/rtset/gallery/day-timefd93.html]
[sites.google.com/view/rtset/gallery/night-timefd93.html]
[sites.google.com/view/rtset/changelogfd93.html]
[sites.google.com/view/rtset/changelog/planned-changesfd93.html]
[sites.google.com/view/rtset/contributorsfd93.html]
[sites.google.com/view/rtset/faqfd93.html]
[sites.google.com/view/rtset/downloadfd93.html]
[sites.google.com/view/rtset/download/extra-shaders.html]
[sites.google.com/view/rtset/download/extra-shadersfd93.html]
[sites.google.com/view/rtset/_https_/www.gstatic.com/charts/loader.js___/script_.html]
[sites.google.com/view/rtset/new.html]
[sites.google.com/view/rtset/about/privacy-policyfd93.html]
[sites.google.com/view/rtset/about/privacy-policyfd93.html]
